<?xml version="1.0" encoding="UTF-8"?>
<!-- Generated by org.testng.reporters.JUnitXMLReporter -->
<testsuite ignored="0" hostname="DESKTOP-SO5U9F0" failures="1" tests="14" name="Test" time="197.214" errors="0" timestamp="2025-09-18T17:56:30 IST">
  <testcase classname="easyr.qa.testCases.EasyRLoginTest" name="verifySignInText" time="1.84"/>
  <testcase classname="easyr.qa.testCases.EasyRDashboardPageTest" name="verifyDahsboardPage" time="14.099"/>
  <testcase classname="easyr.qa.testCases.EasyRVendorPageTest" name="verifyCreatVendor" time="34.998"/>
  <testcase classname="easyr.qa.testCases.EasyROffersAndDealsPageTest" name="verifyOffersAndDealsFlow" time="30.501"/>
  <testcase classname="easyr.qa.testCases.EasyROffersAndDealsPageTest" name="verifyDataAfterOfferCreation" time="13.242"/>
  <testcase classname="easyr.qa.testCases.EasyRCatchShopPageTest" name="verifyInventoryStoreProduct" time="20.845"/>
  <testcase classname="easyr.qa.testCases.EasyRCatchShopPageTest" name="verifyCreatedProduct" time="1.258"/>
  <testcase classname="easyr.qa.testCases.EasyROrganizationPageTest" name="createOrganization" time="8.16"/>
  <testcase classname="easyr.qa.testCases.EasyROrganizationPageTest" name="verifyCreatedOrganization" time="1.258"/>
  <testcase classname="easyr.qa.testCases.EasyRDonationPageTest" name="createDonation" time="9.43"/>
  <testcase classname="easyr.qa.testCases.EasyRDonationPageTest" name="verifyCreatedDonationData" time="1.321"/>
  <testcase classname="easyr.qa.testCases.EasyRSurveyPageTest" name="verifySurvey" time="22.299"/>
  <testcase classname="easyr.qa.testCases.EasyRSurveyPageTest" name="verifyCreatedSurveyOnListingPage" time="0.207">
    <failure type="java.lang.AssertionError" message="expected:&amp;lt;Survey For New Vendor Offers
1&amp;gt; but was:&amp;lt;Vehicle buying survey
4&amp;gt;">
      <![CDATA[java.lang.AssertionError: expected:<Survey For New Vendor Offers
1> but was:<Vehicle buying survey
4>
at easyr.qa.testCases.EasyRSurveyPageTest.verifyCreatedSurveyOnListingPage(EasyRSurveyPageTest.java:112)
at java.base/java.util.ArrayList.forEach(ArrayList.java:1511)
... Removed 29 stack frames]]>
    </failure>
  </testcase> <!-- verifyCreatedSurveyOnListingPage -->
  <testcase classname="easyr.qa.testCases.EasyRSurveyPageTest" name="verifyUserOfSendSurvey" time="10.278"/>
</testsuite> <!-- Test -->
