<?xml version="1.0" encoding="UTF-8"?>
<testng-results ignored="0" total="14" passed="13" failed="1" skipped="0">
  <reporter-output>
  </reporter-output>
  <suite started-at="2025-09-18T17:53:13 IST" name="RegressionSuite" finished-at="2025-09-18T17:56:30 IST" duration-ms="197214">
    <groups>
    </groups>
    <test started-at="2025-09-18T17:53:13 IST" name="Test" finished-at="2025-09-18T17:56:30 IST" duration-ms="197214">
      <class name="easyr.qa.testCases.EasyROrganizationPageTest">
        <test-method is-config="true" signature="setup()[pri:0, instance:easyr.qa.testCases.EasyROrganizationPageTest@5ddeb7cb]" started-at="2025-09-18T17:55:21 IST" name="setup" finished-at="2025-09-18T17:55:23 IST" duration-ms="1726" status="PASS">
          <reporter-output>
          </reporter-output>
        </test-method> <!-- setup -->
        <test-method signature="createOrganization()[pri:1, instance:easyr.qa.testCases.EasyROrganizationPageTest@5ddeb7cb]" started-at="2025-09-18T17:55:23 IST" name="createOrganization" finished-at="2025-09-18T17:55:31 IST" duration-ms="8160" status="PASS">
          <reporter-output>
          </reporter-output>
        </test-method> <!-- createOrganization -->
        <test-method is-config="true" signature="tearDown()[pri:0, instance:easyr.qa.testCases.EasyROrganizationPageTest@5ddeb7cb]" started-at="2025-09-18T17:55:31 IST" name="tearDown" finished-at="2025-09-18T17:55:31 IST" duration-ms="109" status="PASS">
          <reporter-output>
          </reporter-output>
        </test-method> <!-- tearDown -->
        <test-method is-config="true" signature="setup()[pri:0, instance:easyr.qa.testCases.EasyROrganizationPageTest@5ddeb7cb]" started-at="2025-09-18T17:55:31 IST" name="setup" finished-at="2025-09-18T17:55:33 IST" duration-ms="1753" status="PASS">
          <reporter-output>
          </reporter-output>
        </test-method> <!-- setup -->
        <test-method signature="verifyCreatedOrganization()[pri:2, instance:easyr.qa.testCases.EasyROrganizationPageTest@5ddeb7cb]" started-at="2025-09-18T17:55:33 IST" name="verifyCreatedOrganization" finished-at="2025-09-18T17:55:34 IST" duration-ms="1258" status="PASS">
          <reporter-output>
          </reporter-output>
        </test-method> <!-- verifyCreatedOrganization -->
        <test-method is-config="true" signature="tearDown()[pri:0, instance:easyr.qa.testCases.EasyROrganizationPageTest@5ddeb7cb]" started-at="2025-09-18T17:55:34 IST" name="tearDown" finished-at="2025-09-18T17:55:34 IST" duration-ms="100" status="PASS">
          <reporter-output>
          </reporter-output>
        </test-method> <!-- tearDown -->
      </class> <!-- easyr.qa.testCases.EasyROrganizationPageTest -->
      <class name="easyr.qa.testCases.EasyRLoginTest">
        <test-method is-config="true" signature="setUp()[pri:0, instance:easyr.qa.testCases.EasyRLoginTest@75437611]" started-at="2025-09-18T17:53:13 IST" name="setUp" finished-at="2025-09-18T17:53:14 IST" duration-ms="1409" status="PASS">
          <reporter-output>
          </reporter-output>
        </test-method> <!-- setUp -->
        <test-method signature="verifySignInText()[pri:0, instance:easyr.qa.testCases.EasyRLoginTest@75437611]" started-at="2025-09-18T17:53:14 IST" name="verifySignInText" finished-at="2025-09-18T17:53:16 IST" duration-ms="1840" status="PASS">
          <reporter-output>
          </reporter-output>
        </test-method> <!-- verifySignInText -->
        <test-method is-config="true" signature="tearDown()[pri:0, instance:easyr.qa.testCases.EasyRLoginTest@75437611]" started-at="2025-09-18T17:53:16 IST" name="tearDown" finished-at="2025-09-18T17:53:16 IST" duration-ms="110" status="PASS">
          <reporter-output>
          </reporter-output>
        </test-method> <!-- tearDown -->
      </class> <!-- easyr.qa.testCases.EasyRLoginTest -->
      <class name="easyr.qa.testCases.EasyRSurveyPageTest">
        <test-method is-config="true" signature="setup()[pri:0, instance:easyr.qa.testCases.EasyRSurveyPageTest@496bc455]" started-at="2025-09-18T17:55:51 IST" name="setup" finished-at="2025-09-18T17:55:53 IST" duration-ms="1808" status="PASS">
          <reporter-output>
          </reporter-output>
        </test-method> <!-- setup -->
        <test-method signature="verifySurvey()[pri:1, instance:easyr.qa.testCases.EasyRSurveyPageTest@496bc455]" started-at="2025-09-18T17:55:53 IST" name="verifySurvey" finished-at="2025-09-18T17:56:15 IST" duration-ms="22299" status="PASS">
          <reporter-output>
          </reporter-output>
        </test-method> <!-- verifySurvey -->
        <test-method is-config="true" signature="tearDown()[pri:0, instance:easyr.qa.testCases.EasyRSurveyPageTest@496bc455]" started-at="2025-09-18T17:56:15 IST" name="tearDown" finished-at="2025-09-18T17:56:15 IST" duration-ms="106" status="PASS">
          <reporter-output>
          </reporter-output>
        </test-method> <!-- tearDown -->
        <test-method is-config="true" signature="setup()[pri:0, instance:easyr.qa.testCases.EasyRSurveyPageTest@496bc455]" started-at="2025-09-18T17:56:15 IST" name="setup" finished-at="2025-09-18T17:56:17 IST" duration-ms="1912" status="PASS">
          <reporter-output>
          </reporter-output>
        </test-method> <!-- setup -->
        <test-method signature="verifyCreatedSurveyOnListingPage()[pri:2, instance:easyr.qa.testCases.EasyRSurveyPageTest@496bc455]" started-at="2025-09-18T17:56:17 IST" name="verifyCreatedSurveyOnListingPage" finished-at="2025-09-18T17:56:17 IST" duration-ms="207" status="FAIL">
          <exception class="java.lang.AssertionError">
            <message>
              <![CDATA[expected:<Survey For New Vendor Offers
1> but was:<Vehicle buying survey
4>]]>
            </message>
            <full-stacktrace>
              <![CDATA[java.lang.AssertionError: expected:<Survey For New Vendor Offers
1> but was:<Vehicle buying survey
4>
at org.testng.AssertJUnit.assertEquals(AssertJUnit.java:115)
at org.testng.AssertJUnit.assertEquals(AssertJUnit.java:125)
at easyr.qa.testCases.EasyRSurveyPageTest.verifyCreatedSurveyOnListingPage(EasyRSurveyPageTest.java:112)
at java.base/jdk.internal.reflect.NativeMethodAccessorImpl.invoke0(Native Method)
at java.base/jdk.internal.reflect.NativeMethodAccessorImpl.invoke(NativeMethodAccessorImpl.java:77)
at java.base/jdk.internal.reflect.DelegatingMethodAccessorImpl.invoke(DelegatingMethodAccessorImpl.java:43)
at java.base/java.lang.reflect.Method.invoke(Method.java:568)
at org.testng.internal.invokers.MethodInvocationHelper.invokeMethod(MethodInvocationHelper.java:141)
at org.testng.internal.invokers.TestInvoker.invokeMethod(TestInvoker.java:686)
at org.testng.internal.invokers.TestInvoker.invokeTestMethod(TestInvoker.java:230)
at org.testng.internal.invokers.MethodRunner.runInSequence(MethodRunner.java:63)
at org.testng.internal.invokers.TestInvoker$MethodInvocationAgent.invoke(TestInvoker.java:992)
at org.testng.internal.invokers.TestInvoker.invokeTestMethods(TestInvoker.java:203)
at org.testng.internal.invokers.TestMethodWorker.invokeTestMethods(TestMethodWorker.java:154)
at org.testng.internal.invokers.TestMethodWorker.run(TestMethodWorker.java:134)
at java.base/java.util.ArrayList.forEach(ArrayList.java:1511)
at org.testng.TestRunner.privateRun(TestRunner.java:739)
at org.testng.TestRunner.run(TestRunner.java:614)
at org.testng.SuiteRunner.runTest(SuiteRunner.java:421)
at org.testng.SuiteRunner.runSequentially(SuiteRunner.java:413)
at org.testng.SuiteRunner.privateRun(SuiteRunner.java:373)
at org.testng.SuiteRunner.run(SuiteRunner.java:312)
at org.testng.SuiteRunnerWorker.runSuite(SuiteRunnerWorker.java:52)
at org.testng.SuiteRunnerWorker.run(SuiteRunnerWorker.java:95)
at org.testng.TestNG.runSuitesSequentially(TestNG.java:1274)
at org.testng.TestNG.runSuitesLocally(TestNG.java:1208)
at org.testng.TestNG.runSuites(TestNG.java:1112)
at org.testng.TestNG.run(TestNG.java:1079)
at org.testng.remote.AbstractRemoteTestNG.run(AbstractRemoteTestNG.java:115)
at org.testng.remote.RemoteTestNG.initAndRun(RemoteTestNG.java:293)
at org.testng.remote.RemoteTestNG.main(RemoteTestNG.java:91)
]]>
            </full-stacktrace>
          </exception> <!-- java.lang.AssertionError -->
          <reporter-output>
          </reporter-output>
        </test-method> <!-- verifyCreatedSurveyOnListingPage -->
        <test-method is-config="true" signature="tearDown()[pri:0, instance:easyr.qa.testCases.EasyRSurveyPageTest@496bc455]" started-at="2025-09-18T17:56:17 IST" name="tearDown" finished-at="2025-09-18T17:56:18 IST" duration-ms="103" status="PASS">
          <reporter-output>
          </reporter-output>
        </test-method> <!-- tearDown -->
        <test-method is-config="true" signature="setup()[pri:0, instance:easyr.qa.testCases.EasyRSurveyPageTest@496bc455]" started-at="2025-09-18T17:56:18 IST" name="setup" finished-at="2025-09-18T17:56:20 IST" duration-ms="1954" status="PASS">
          <reporter-output>
          </reporter-output>
        </test-method> <!-- setup -->
        <test-method signature="verifyUserOfSendSurvey()[pri:3, instance:easyr.qa.testCases.EasyRSurveyPageTest@496bc455]" started-at="2025-09-18T17:56:20 IST" name="verifyUserOfSendSurvey" finished-at="2025-09-18T17:56:30 IST" duration-ms="10278" status="PASS">
          <reporter-output>
          </reporter-output>
        </test-method> <!-- verifyUserOfSendSurvey -->
        <test-method is-config="true" signature="tearDown()[pri:0, instance:easyr.qa.testCases.EasyRSurveyPageTest@496bc455]" started-at="2025-09-18T17:56:30 IST" name="tearDown" finished-at="2025-09-18T17:56:30 IST" duration-ms="88" status="PASS">
          <reporter-output>
          </reporter-output>
        </test-method> <!-- tearDown -->
      </class> <!-- easyr.qa.testCases.EasyRSurveyPageTest -->
      <class name="easyr.qa.testCases.EasyRDonationPageTest">
        <test-method is-config="true" signature="setup()[pri:0, instance:easyr.qa.testCases.EasyRDonationPageTest@70ed52de]" started-at="2025-09-18T17:55:34 IST" name="setup" finished-at="2025-09-18T17:55:36 IST" duration-ms="1854" status="PASS">
          <reporter-output>
          </reporter-output>
        </test-method> <!-- setup -->
        <test-method signature="createDonation()[pri:1, instance:easyr.qa.testCases.EasyRDonationPageTest@70ed52de]" started-at="2025-09-18T17:55:36 IST" name="createDonation" finished-at="2025-09-18T17:55:46 IST" duration-ms="9430" status="PASS">
          <reporter-output>
          </reporter-output>
        </test-method> <!-- createDonation -->
        <test-method is-config="true" signature="tearDown()[pri:0, instance:easyr.qa.testCases.EasyRDonationPageTest@70ed52de]" started-at="2025-09-18T17:55:46 IST" name="tearDown" finished-at="2025-09-18T17:55:47 IST" duration-ms="1112" status="PASS">
          <reporter-output>
          </reporter-output>
        </test-method> <!-- tearDown -->
        <test-method is-config="true" signature="setup()[pri:0, instance:easyr.qa.testCases.EasyRDonationPageTest@70ed52de]" started-at="2025-09-18T17:55:47 IST" name="setup" finished-at="2025-09-18T17:55:49 IST" duration-ms="1821" status="PASS">
          <reporter-output>
          </reporter-output>
        </test-method> <!-- setup -->
        <test-method signature="verifyCreatedDonationData()[pri:2, instance:easyr.qa.testCases.EasyRDonationPageTest@70ed52de]" started-at="2025-09-18T17:55:49 IST" name="verifyCreatedDonationData" finished-at="2025-09-18T17:55:50 IST" duration-ms="1321" status="PASS">
          <reporter-output>
          </reporter-output>
        </test-method> <!-- verifyCreatedDonationData -->
        <test-method is-config="true" signature="tearDown()[pri:0, instance:easyr.qa.testCases.EasyRDonationPageTest@70ed52de]" started-at="2025-09-18T17:55:50 IST" name="tearDown" finished-at="2025-09-18T17:55:51 IST" duration-ms="1120" status="PASS">
          <reporter-output>
          </reporter-output>
        </test-method> <!-- tearDown -->
      </class> <!-- easyr.qa.testCases.EasyRDonationPageTest -->
      <class name="easyr.qa.testCases.EasyRVendorPageTest">
        <test-method is-config="true" signature="setUp()[pri:0, instance:easyr.qa.testCases.EasyRVendorPageTest@4d1c005e]" started-at="2025-09-18T17:53:31 IST" name="setUp" finished-at="2025-09-18T17:53:33 IST" duration-ms="1710" status="PASS">
          <reporter-output>
          </reporter-output>
        </test-method> <!-- setUp -->
        <test-method signature="verifyCreatVendor()[pri:0, instance:easyr.qa.testCases.EasyRVendorPageTest@4d1c005e]" started-at="2025-09-18T17:53:33 IST" name="verifyCreatVendor" finished-at="2025-09-18T17:54:08 IST" duration-ms="34998" status="PASS">
          <reporter-output>
          </reporter-output>
        </test-method> <!-- verifyCreatVendor -->
        <test-method is-config="true" signature="tearDown()[pri:0, instance:easyr.qa.testCases.EasyRVendorPageTest@4d1c005e]" started-at="2025-09-18T17:54:08 IST" name="tearDown" finished-at="2025-09-18T17:54:08 IST" duration-ms="114" status="PASS">
          <reporter-output>
          </reporter-output>
        </test-method> <!-- tearDown -->
      </class> <!-- easyr.qa.testCases.EasyRVendorPageTest -->
      <class name="easyr.qa.testCases.EasyRDashboardPageTest">
        <test-method is-config="true" signature="setUp()[pri:0, instance:easyr.qa.testCases.EasyRDashboardPageTest@3e08ff24]" started-at="2025-09-18T17:53:16 IST" name="setUp" finished-at="2025-09-18T17:53:17 IST" duration-ms="1114" status="PASS">
          <reporter-output>
          </reporter-output>
        </test-method> <!-- setUp -->
        <test-method signature="verifyDahsboardPage()[pri:0, instance:easyr.qa.testCases.EasyRDashboardPageTest@3e08ff24]" started-at="2025-09-18T17:53:17 IST" name="verifyDahsboardPage" finished-at="2025-09-18T17:53:31 IST" duration-ms="14099" status="PASS">
          <reporter-output>
          </reporter-output>
        </test-method> <!-- verifyDahsboardPage -->
        <test-method is-config="true" signature="tearDown()[pri:0, instance:easyr.qa.testCases.EasyRDashboardPageTest@3e08ff24]" started-at="2025-09-18T17:53:31 IST" name="tearDown" finished-at="2025-09-18T17:53:31 IST" duration-ms="111" status="PASS">
          <reporter-output>
          </reporter-output>
        </test-method> <!-- tearDown -->
      </class> <!-- easyr.qa.testCases.EasyRDashboardPageTest -->
      <class name="easyr.qa.testCases.EasyROffersAndDealsPageTest">
        <test-method is-config="true" signature="setUp()[pri:0, instance:easyr.qa.testCases.EasyROffersAndDealsPageTest@8462f31]" started-at="2025-09-18T17:54:08 IST" name="setUp" finished-at="2025-09-18T17:54:10 IST" duration-ms="1674" status="PASS">
          <reporter-output>
          </reporter-output>
        </test-method> <!-- setUp -->
        <test-method signature="verifyOffersAndDealsFlow()[pri:1, instance:easyr.qa.testCases.EasyROffersAndDealsPageTest@8462f31]" started-at="2025-09-18T17:54:10 IST" name="verifyOffersAndDealsFlow" finished-at="2025-09-18T17:54:40 IST" duration-ms="30501" status="PASS">
          <reporter-output>
          </reporter-output>
        </test-method> <!-- verifyOffersAndDealsFlow -->
        <test-method is-config="true" signature="tearDown()[pri:0, instance:easyr.qa.testCases.EasyROffersAndDealsPageTest@8462f31]" started-at="2025-09-18T17:54:40 IST" name="tearDown" finished-at="2025-09-18T17:54:41 IST" duration-ms="124" status="PASS">
          <reporter-output>
          </reporter-output>
        </test-method> <!-- tearDown -->
        <test-method is-config="true" signature="setUp()[pri:0, instance:easyr.qa.testCases.EasyROffersAndDealsPageTest@8462f31]" started-at="2025-09-18T17:54:41 IST" name="setUp" finished-at="2025-09-18T17:54:42 IST" duration-ms="1727" status="PASS">
          <reporter-output>
          </reporter-output>
        </test-method> <!-- setUp -->
        <test-method signature="verifyDataAfterOfferCreation()[pri:2, instance:easyr.qa.testCases.EasyROffersAndDealsPageTest@8462f31]" started-at="2025-09-18T17:54:42 IST" name="verifyDataAfterOfferCreation" finished-at="2025-09-18T17:54:55 IST" duration-ms="13242" status="PASS">
          <reporter-output>
          </reporter-output>
        </test-method> <!-- verifyDataAfterOfferCreation -->
        <test-method is-config="true" signature="tearDown()[pri:0, instance:easyr.qa.testCases.EasyROffersAndDealsPageTest@8462f31]" started-at="2025-09-18T17:54:55 IST" name="tearDown" finished-at="2025-09-18T17:54:56 IST" duration-ms="95" status="PASS">
          <reporter-output>
          </reporter-output>
        </test-method> <!-- tearDown -->
      </class> <!-- easyr.qa.testCases.EasyROffersAndDealsPageTest -->
      <class name="easyr.qa.testCases.EasyRCatchShopPageTest">
        <test-method is-config="true" signature="setup()[pri:0, instance:easyr.qa.testCases.EasyRCatchShopPageTest@24569dba]" started-at="2025-09-18T17:54:56 IST" name="setup" finished-at="2025-09-18T17:54:57 IST" duration-ms="1749" status="PASS">
          <reporter-output>
          </reporter-output>
        </test-method> <!-- setup -->
        <test-method signature="verifyInventoryStoreProduct()[pri:1, instance:easyr.qa.testCases.EasyRCatchShopPageTest@24569dba]" started-at="2025-09-18T17:54:57 IST" name="verifyInventoryStoreProduct" finished-at="2025-09-18T17:55:18 IST" duration-ms="20845" status="PASS">
          <reporter-output>
          </reporter-output>
        </test-method> <!-- verifyInventoryStoreProduct -->
        <test-method is-config="true" signature="tearDown()[pri:0, instance:easyr.qa.testCases.EasyRCatchShopPageTest@24569dba]" started-at="2025-09-18T17:55:18 IST" name="tearDown" finished-at="2025-09-18T17:55:18 IST" duration-ms="123" status="PASS">
          <reporter-output>
          </reporter-output>
        </test-method> <!-- tearDown -->
        <test-method is-config="true" signature="setup()[pri:0, instance:easyr.qa.testCases.EasyRCatchShopPageTest@24569dba]" started-at="2025-09-18T17:55:18 IST" name="setup" finished-at="2025-09-18T17:55:20 IST" duration-ms="1715" status="PASS">
          <reporter-output>
          </reporter-output>
        </test-method> <!-- setup -->
        <test-method signature="verifyCreatedProduct()[pri:2, instance:easyr.qa.testCases.EasyRCatchShopPageTest@24569dba]" started-at="2025-09-18T17:55:20 IST" name="verifyCreatedProduct" finished-at="2025-09-18T17:55:21 IST" duration-ms="1258" status="PASS">
          <reporter-output>
          </reporter-output>
        </test-method> <!-- verifyCreatedProduct -->
        <test-method is-config="true" signature="tearDown()[pri:0, instance:easyr.qa.testCases.EasyRCatchShopPageTest@24569dba]" started-at="2025-09-18T17:55:21 IST" name="tearDown" finished-at="2025-09-18T17:55:21 IST" duration-ms="82" status="PASS">
          <reporter-output>
          </reporter-output>
        </test-method> <!-- tearDown -->
      </class> <!-- easyr.qa.testCases.EasyRCatchShopPageTest -->
    </test> <!-- Test -->
  </suite> <!-- RegressionSuite -->
</testng-results>
